### 17.08.2019 20:55:27



### 17.08.2019 20:56:14
Array
(
    [catalog] => Array
        (
            [0] => Спички
            [1] => Метла
            [2] => Ведро
        )

)



### 21.08.2019 14:06:09
Array
(
    [catalog] => Array
        (
            [0] => Спички
            [1] => Метла
            [2] => Ведро
        )

)



### 21.08.2019 14:07:24
Array
(
    [catalog] => Array
        (
            [0] => Спички
            [1] => Метла
            [2] => Ведро
        )

)



### 21.08.2019 14:11:56
Array
(
    [catalog] => Array
        (
            [0] => Спички
            [1] => Метла
            [2] => Ведро
        )

)



### 21.08.2019 14:12:02
Array
(
    [catalog] => Array
        (
            [0] => Спички
            [1] => Метла
            [2] => Ведро
        )

)



### 21.08.2019 14:12:13
Array
(
    [catalog] => Array
        (
            [0] => Спички
            [1] => Метла
            [2] => Ведро
        )

)



### 21.08.2019 14:15:34
Array
(
    [catalog] => Array
        (
            [0] => Спички
            [1] => Метла
            [2] => Ведро
        )

)



### 22.08.2019 16:01:50
Array
(
    [catalog] => Array
        (
            [0] => Спички
            [1] => Метла
            [2] => Ведро
        )

)



### 22.08.2019 16:11:42
Array
(
    [catalog] => Array
        (
            [0] => Спички
            [1] => Метла
            [2] => Ведро
        )

)



### 22.08.2019 16:11:46
Array
(
    [catalog] => Array
        (
            [0] => Спички
            [1] => Метла
            [2] => Ведро
        )

)



